<?xml version="1.0" encoding="UTF-8"?>
<testsuite xmlns:xsi="http://www.w3.org/2001/XMLSchema-instance" xsi:noNamespaceSchemaLocation="https://maven.apache.org/surefire/maven-surefire-plugin/xsd/surefire-test-report.xsd" name="functional.FunctionalTests" time="0.624" tests="2" errors="0" skipped="0" failures="0">
  <properties>
[...]
</properties>
  <testcase name="Should be able to get a list of all stocks" classname="functional.FunctionalTests" time="0.448"/>
  <testcase name="Should be able to get the correct SKU for the first stock" classname="functional.FunctionalTests" time="0.024"/>
</testsuite>